2017-01-19 14:15:38,556 INFO  [org.jboss.modules] (main) JBoss Modules version 1.5.2.Final
2017-01-19 14:15:38,762 INFO  [org.jboss.msc] (main) JBoss MSC version 1.2.6.Final
2017-01-19 14:15:38,833 INFO  [org.jboss.as] (MSC service thread 1-7) WFLYSRV0049: WildFly Full 10.1.0.Final (WildFly Core 2.2.0.Final) starting
2017-01-19 14:15:38,834 DEBUG [org.jboss.as.config] (MSC service thread 1-7) Configured system properties:
	[Standalone] = 
	awt.toolkit = sun.awt.X11.XToolkit
	file.encoding = UTF-8
	file.encoding.pkg = sun.io
	file.separator = /
	java.awt.graphicsenv = sun.awt.X11GraphicsEnvironment
	java.awt.printerjob = sun.print.PSPrinterJob
	java.class.path = /home/aboriero/hibernate/orm_last/hibernate-orm/build/wildfly-10.1.0.Final/jboss-modules.jar
	java.class.version = 52.0
	java.endorsed.dirs = /opt/jdk1.8.0_101/jre/lib/endorsed
	java.ext.dirs = /opt/jdk1.8.0_101/jre/lib/ext:/usr/java/packages/lib/ext
	java.home = /opt/jdk1.8.0_101/jre
	java.io.tmpdir = /tmp
	java.library.path = /usr/java/packages/lib/amd64:/usr/lib64:/lib64:/lib:/usr/lib
	java.runtime.name = Java(TM) SE Runtime Environment
	java.runtime.version = 1.8.0_101-b13
	java.specification.name = Java Platform API Specification
	java.specification.vendor = Oracle Corporation
	java.specification.version = 1.8
	java.util.logging.manager = org.jboss.logmanager.LogManager
	java.vendor = Oracle Corporation
	java.vendor.url = http://java.oracle.com/
	java.vendor.url.bug = http://bugreport.sun.com/bugreport/
	java.version = 1.8.0_101
	java.vm.info = mixed mode
	java.vm.name = Java HotSpot(TM) 64-Bit Server VM
	java.vm.specification.name = Java Virtual Machine Specification
	java.vm.specification.vendor = Oracle Corporation
	java.vm.specification.version = 1.8
	java.vm.vendor = Oracle Corporation
	java.vm.version = 25.101-b13
	javax.management.builder.initial = org.jboss.as.jmx.PluggableMBeanServerBuilder
	javax.xml.datatype.DatatypeFactory = __redirected.__DatatypeFactory
	javax.xml.parsers.DocumentBuilderFactory = __redirected.__DocumentBuilderFactory
	javax.xml.parsers.SAXParserFactory = __redirected.__SAXParserFactory
	javax.xml.stream.XMLEventFactory = __redirected.__XMLEventFactory
	javax.xml.stream.XMLInputFactory = __redirected.__XMLInputFactory
	javax.xml.stream.XMLOutputFactory = __redirected.__XMLOutputFactory
	javax.xml.transform.TransformerFactory = __redirected.__TransformerFactory
	javax.xml.validation.SchemaFactory:http://www.w3.org/2001/XMLSchema = __redirected.__SchemaFactory
	javax.xml.xpath.XPathFactory:http://java.sun.com/jaxp/xpath/dom = __redirected.__XPathFactory
	jboss.home.dir = /home/aboriero/hibernate/orm_last/hibernate-orm/build/wildfly-10.1.0.Final
	jboss.host.name = localhost
	jboss.modules.dir = /home/aboriero/hibernate/orm_last/hibernate-orm/build/wildfly-10.1.0.Final/modules
	jboss.node.name = localhost
	jboss.qualified.host.name = localhost.localdomain
	jboss.server.base.dir = /home/aboriero/hibernate/orm_last/hibernate-orm/build/wildfly-10.1.0.Final/standalone
	jboss.server.config.dir = /home/aboriero/hibernate/orm_last/hibernate-orm/build/wildfly-10.1.0.Final/standalone/configuration
	jboss.server.data.dir = /home/aboriero/hibernate/orm_last/hibernate-orm/build/wildfly-10.1.0.Final/standalone/data
	jboss.server.deploy.dir = /home/aboriero/hibernate/orm_last/hibernate-orm/build/wildfly-10.1.0.Final/standalone/data/content
	jboss.server.log.dir = /home/aboriero/hibernate/orm_last/hibernate-orm/build/wildfly-10.1.0.Final/standalone/log
	jboss.server.name = localhost
	jboss.server.persist.config = true
	jboss.server.temp.dir = /home/aboriero/hibernate/orm_last/hibernate-orm/build/wildfly-10.1.0.Final/standalone/tmp
	line.separator = 

	logging.configuration = file:/home/aboriero/hibernate/orm_last/hibernate-orm/build/wildfly-10.1.0.Final/standalone/configuration/logging.properties
	module.path = /home/aboriero/hibernate/orm_last/hibernate-orm/build/wildfly-10.1.0.Final/modules
	org.jboss.boot.log.file = /home/aboriero/hibernate/orm_last/hibernate-orm/build/wildfly-10.1.0.Final/standalone/log/server.log
	org.jboss.resolver.warning = true
	org.xml.sax.driver = __redirected.__XMLReaderFactory
	os.arch = amd64
	os.name = Linux
	os.version = 4.9.3-200.fc25.x86_64
	path.separator = :
	sun.arch.data.model = 64
	sun.boot.class.path = /opt/jdk1.8.0_101/jre/lib/resources.jar:/opt/jdk1.8.0_101/jre/lib/rt.jar:/opt/jdk1.8.0_101/jre/lib/sunrsasign.jar:/opt/jdk1.8.0_101/jre/lib/jsse.jar:/opt/jdk1.8.0_101/jre/lib/jce.jar:/opt/jdk1.8.0_101/jre/lib/charsets.jar:/opt/jdk1.8.0_101/jre/lib/jfr.jar:/opt/jdk1.8.0_101/jre/classes
	sun.boot.library.path = /opt/jdk1.8.0_101/jre/lib/amd64
	sun.cpu.endian = little
	sun.cpu.isalist = 
	sun.desktop = gnome
	sun.io.unicode.encoding = UnicodeLittle
	sun.java.command = /home/aboriero/hibernate/orm_last/hibernate-orm/build/wildfly-10.1.0.Final/jboss-modules.jar -mp /home/aboriero/hibernate/orm_last/hibernate-orm/build/wildfly-10.1.0.Final/modules org.jboss.as.standalone -Djboss.home.dir=/home/aboriero/hibernate/orm_last/hibernate-orm/build/wildfly-10.1.0.Final -Djboss.server.base.dir=/home/aboriero/hibernate/orm_last/hibernate-orm/build/wildfly-10.1.0.Final/standalone -Djboss.server.log.dir=/home/aboriero/hibernate/orm_last/hibernate-orm/build/wildfly-10.1.0.Final/standalone/log -Djboss.server.config.dir=/home/aboriero/hibernate/orm_last/hibernate-orm/build/wildfly-10.1.0.Final/standalone/configuration
	sun.java.launcher = SUN_STANDARD
	sun.jnu.encoding = UTF-8
	sun.management.compiler = HotSpot 64-Bit Tiered Compilers
	sun.os.patch.level = unknown
	user.country = GB
	user.dir = /home/aboriero/hibernate/orm_last/hibernate-orm/hibernate-core
	user.home = /home/aboriero
	user.language = en
	user.name = aboriero
	user.timezone = Europe/London
2017-01-19 14:15:38,835 DEBUG [org.jboss.as.config] (MSC service thread 1-7) VM Arguments: -D[Standalone] -ea -Djboss.home.dir=/home/aboriero/hibernate/orm_last/hibernate-orm/build/wildfly-10.1.0.Final -Dorg.jboss.boot.log.file=/home/aboriero/hibernate/orm_last/hibernate-orm/build/wildfly-10.1.0.Final/standalone/log/server.log -Dlogging.configuration=file:/home/aboriero/hibernate/orm_last/hibernate-orm/build/wildfly-10.1.0.Final/standalone/configuration/logging.properties 
2017-01-19 14:15:40,355 INFO  [org.jboss.as.server] (Controller Boot Thread) WFLYSRV0039: Creating http management service using socket-binding (management-http)
2017-01-19 14:15:40,381 INFO  [org.xnio] (MSC service thread 1-8) XNIO version 3.4.0.Final
2017-01-19 14:15:40,398 INFO  [org.xnio.nio] (MSC service thread 1-8) XNIO NIO Implementation Version 3.4.0.Final
2017-01-19 14:15:40,471 INFO  [org.jboss.as.connector.subsystems.datasources] (ServerService Thread Pool -- 33) WFLYJCA0004: Deploying JDBC-compliant driver class org.h2.Driver (version 1.3)
2017-01-19 14:15:40,481 INFO  [org.wildfly.extension.io] (ServerService Thread Pool -- 37) WFLYIO001: Worker 'default' has auto-configured to 8 core threads with 64 task threads based on your 4 available processors
2017-01-19 14:15:40,497 INFO  [org.jboss.as.clustering.infinispan] (ServerService Thread Pool -- 38) WFLYCLINF0001: Activating Infinispan subsystem.
2017-01-19 14:15:40,546 INFO  [org.jboss.as.naming] (ServerService Thread Pool -- 46) WFLYNAM0001: Activating Naming Subsystem
2017-01-19 14:15:40,550 INFO  [org.jboss.as.connector] (MSC service thread 1-3) WFLYJCA0009: Starting JCA Subsystem (WildFly/IronJacamar 1.3.4.Final)
2017-01-19 14:15:40,564 INFO  [org.jboss.as.connector.deployers.jdbc] (MSC service thread 1-4) WFLYJCA0018: Started Driver service with driver-name = h2
2017-01-19 14:15:40,568 INFO  [org.jboss.as.jsf] (ServerService Thread Pool -- 44) WFLYJSF0007: Activated the following JSF Implementations: [main]
2017-01-19 14:15:40,598 WARN  [org.jboss.as.txn] (ServerService Thread Pool -- 54) WFLYTX0013: Node identifier property is set to the default value. Please make sure it is unique.
2017-01-19 14:15:40,613 INFO  [org.jboss.remoting] (MSC service thread 1-8) JBoss Remoting version 4.0.21.Final
2017-01-19 14:15:40,676 INFO  [org.jboss.as.security] (ServerService Thread Pool -- 53) WFLYSEC0002: Activating Security Subsystem
2017-01-19 14:15:40,679 INFO  [org.jboss.as.security] (MSC service thread 1-3) WFLYSEC0001: Current PicketBox version=4.9.6.Final
2017-01-19 14:15:40,767 INFO  [org.jboss.as.webservices] (ServerService Thread Pool -- 56) WFLYWS0002: Activating WebServices Extension
2017-01-19 14:15:40,843 INFO  [org.jboss.as.mail.extension] (MSC service thread 1-7) WFLYMAIL0001: Bound mail session [java:jboss/mail/Default]
2017-01-19 14:15:40,863 INFO  [org.jboss.as.naming] (MSC service thread 1-4) WFLYNAM0003: Starting Naming Service
2017-01-19 14:15:40,867 INFO  [org.wildfly.extension.undertow] (MSC service thread 1-3) WFLYUT0003: Undertow 1.4.0.Final starting
2017-01-19 14:15:40,979 INFO  [org.wildfly.extension.undertow] (ServerService Thread Pool -- 55) WFLYUT0014: Creating file handler for path '/home/aboriero/hibernate/orm_last/hibernate-orm/build/wildfly-10.1.0.Final/welcome-content' with options [directory-listing: 'false', follow-symlink: 'false', case-sensitive: 'true', safe-symlink-paths: '[]']
2017-01-19 14:15:40,986 INFO  [org.wildfly.extension.undertow] (MSC service thread 1-6) WFLYUT0012: Started server default-server.
2017-01-19 14:15:41,003 INFO  [org.wildfly.extension.undertow] (MSC service thread 1-1) WFLYUT0018: Host default-host starting
2017-01-19 14:15:41,042 INFO  [org.jboss.as.ejb3] (MSC service thread 1-7) WFLYEJB0482: Strict pool mdb-strict-max-pool is using a max instance size of 16 (per class), which is derived from the number of CPUs on this host.
2017-01-19 14:15:41,044 INFO  [org.jboss.as.ejb3] (MSC service thread 1-8) WFLYEJB0481: Strict pool slsb-strict-max-pool is using a max instance size of 64 (per class), which is derived from thread worker pool sizing.
2017-01-19 14:15:41,235 INFO  [org.wildfly.extension.undertow] (MSC service thread 1-6) WFLYUT0006: Undertow HTTP listener default listening on 127.0.0.1:8080
2017-01-19 14:15:41,394 INFO  [org.jboss.as.connector.subsystems.datasources] (MSC service thread 1-7) WFLYJCA0001: Bound data source [java:jboss/datasources/ExampleDS]
2017-01-19 14:15:41,559 WARN  [org.jboss.as.domain.management.security] (MSC service thread 1-5) WFLYDM0111: Keystore /home/aboriero/hibernate/orm_last/hibernate-orm/build/wildfly-10.1.0.Final/standalone/configuration/application.keystore not found, it will be auto generated on first use with a self signed certificate for host localhost
2017-01-19 14:15:41,614 INFO  [org.jboss.as.server.deployment.scanner] (MSC service thread 1-7) WFLYDS0013: Started FileSystemDeploymentService for directory /home/aboriero/hibernate/orm_last/hibernate-orm/build/wildfly-10.1.0.Final/standalone/deployments
2017-01-19 14:15:41,828 INFO  [org.infinispan.factories.GlobalComponentRegistry] (MSC service thread 1-6) ISPN000128: Infinispan version: Infinispan 'Chakra' 8.2.4.Final
2017-01-19 14:15:41,891 INFO  [org.wildfly.extension.undertow] (MSC service thread 1-4) WFLYUT0006: Undertow HTTPS listener https listening on 127.0.0.1:8443
2017-01-19 14:15:41,894 INFO  [org.infinispan.configuration.cache.EvictionConfigurationBuilder] (ServerService Thread Pool -- 65) ISPN000152: Passivation configured without an eviction policy being selected. Only manually evicted entities will be passivated.
2017-01-19 14:15:41,896 INFO  [org.infinispan.configuration.cache.EvictionConfigurationBuilder] (ServerService Thread Pool -- 63) ISPN000152: Passivation configured without an eviction policy being selected. Only manually evicted entities will be passivated.
2017-01-19 14:15:41,897 INFO  [org.infinispan.configuration.cache.EvictionConfigurationBuilder] (ServerService Thread Pool -- 63) ISPN000152: Passivation configured without an eviction policy being selected. Only manually evicted entities will be passivated.
2017-01-19 14:15:41,910 INFO  [org.infinispan.configuration.cache.EvictionConfigurationBuilder] (ServerService Thread Pool -- 61) ISPN000152: Passivation configured without an eviction policy being selected. Only manually evicted entities will be passivated.
2017-01-19 14:15:41,917 INFO  [org.infinispan.configuration.cache.EvictionConfigurationBuilder] (ServerService Thread Pool -- 61) ISPN000152: Passivation configured without an eviction policy being selected. Only manually evicted entities will be passivated.
2017-01-19 14:15:41,926 INFO  [org.infinispan.configuration.cache.EvictionConfigurationBuilder] (ServerService Thread Pool -- 65) ISPN000152: Passivation configured without an eviction policy being selected. Only manually evicted entities will be passivated.
2017-01-19 14:15:42,051 INFO  [org.jboss.ws.common.management] (MSC service thread 1-4) JBWS022052: Starting JBossWS 5.1.5.Final (Apache CXF 3.1.6) 
2017-01-19 14:15:42,373 INFO  [org.jboss.as] (Controller Boot Thread) WFLYSRV0060: Http management interface listening on http://127.0.0.1:9990/management
2017-01-19 14:15:42,375 INFO  [org.jboss.as] (Controller Boot Thread) WFLYSRV0051: Admin console listening on http://127.0.0.1:9990
2017-01-19 14:15:42,376 INFO  [org.jboss.as] (Controller Boot Thread) WFLYSRV0025: WildFly Full 10.1.0.Final (WildFly Core 2.2.0.Final) started in 4205ms - Started 331 of 577 services (393 services are lazy, passive or on-demand)
2017-01-19 14:15:44,427 INFO  [org.jboss.as.repository] (management-handler-thread - 3) WFLYDR0001: Content added at location /home/aboriero/hibernate/orm_last/hibernate-orm/build/wildfly-10.1.0.Final/standalone/data/content/42/879ca3bbd155ff153f2244358fde3034f35933/content
2017-01-19 14:15:44,462 INFO  [org.jboss.as.server.deployment] (MSC service thread 1-6) WFLYSRV0027: Starting deployment of "test.war" (runtime-name: "test.war")
2017-01-19 14:15:45,409 INFO  [org.jboss.as.jpa] (MSC service thread 1-3) WFLYJPA0002: Read persistence.xml for pu-cdi-basic
2017-01-19 14:15:45,530 INFO  [org.jboss.as.jpa] (ServerService Thread Pool -- 65) WFLYJPA0010: Starting Persistence Unit (phase 1 of 2) Service 'test.war#pu-cdi-basic'
2017-01-19 14:15:45,888 INFO  [org.hibernate.jpa.internal.util.LogHelper] (ServerService Thread Pool -- 65) HHH000204: Processing PersistenceUnitInfo [
	name: pu-cdi-basic
	...]
2017-01-19 14:15:45,943 INFO  [org.jboss.weld.deployer] (MSC service thread 1-4) WFLYWELD0003: Processing weld deployment test.war
2017-01-19 14:15:46,034 INFO  [org.hibernate.Version] (ServerService Thread Pool -- 65) HHH000412: Hibernate Core {5.2.7.Final}
2017-01-19 14:15:46,038 INFO  [org.hibernate.cfg.Environment] (ServerService Thread Pool -- 65) HHH000206: hibernate.properties not found
2017-01-19 14:15:46,076 INFO  [org.hibernate.validator.internal.util.Version] (MSC service thread 1-4) HV000001: Hibernate Validator 5.2.4.Final
2017-01-19 14:15:46,099 INFO  [org.hibernate.annotations.common.Version] (ServerService Thread Pool -- 65) HCANN000001: Hibernate Commons Annotations {5.0.1.Final}
2017-01-19 14:15:46,216 INFO  [org.jboss.as.ejb3.deployment] (MSC service thread 1-4) WFLYEJB0473: JNDI bindings for session bean named 'ConversationalEventManager' in deployment unit 'deployment "test.war"' are as follows:

	java:global/test/ConversationalEventManager!org.hibernate.jpa.test.cdi.extended.ConversationalEventManager
	java:app/test/ConversationalEventManager!org.hibernate.jpa.test.cdi.extended.ConversationalEventManager
	java:module/ConversationalEventManager!org.hibernate.jpa.test.cdi.extended.ConversationalEventManager
	java:global/test/ConversationalEventManager
	java:app/test/ConversationalEventManager
	java:module/ConversationalEventManager

2017-01-19 14:15:46,461 INFO  [org.infinispan.configuration.cache.EvictionConfigurationBuilder] (ServerService Thread Pool -- 65) ISPN000152: Passivation configured without an eviction policy being selected. Only manually evicted entities will be passivated.
2017-01-19 14:15:46,462 INFO  [org.infinispan.configuration.cache.EvictionConfigurationBuilder] (ServerService Thread Pool -- 65) ISPN000152: Passivation configured without an eviction policy being selected. Only manually evicted entities will be passivated.
2017-01-19 14:15:46,546 INFO  [org.jboss.weld.Version] (MSC service thread 1-3) WELD-000900: 2.3.5 (Final)
2017-01-19 14:15:46,909 INFO  [org.jboss.as.jpa] (ServerService Thread Pool -- 29) WFLYJPA0010: Starting Persistence Unit (phase 2 of 2) Service 'test.war#pu-cdi-basic'
2017-01-19 14:15:47,010 INFO  [org.jboss.as.clustering.infinispan] (ServerService Thread Pool -- 65) WFLYCLINF0002: Started client-mappings cache from ejb container
2017-01-19 14:15:47,317 INFO  [org.hibernate.dialect.Dialect] (ServerService Thread Pool -- 29) HHH000400: Using dialect: org.hibernate.dialect.H2Dialect
2017-01-19 14:15:47,324 WARN  [org.hibernate.dialect.H2Dialect] (ServerService Thread Pool -- 29) HHH000431: Unable to determine H2 database version, certain features may not work
2017-01-19 14:15:47,376 INFO  [org.hibernate.envers.boot.internal.EnversServiceImpl] (ServerService Thread Pool -- 29) Envers integration enabled? : true
2017-01-19 14:15:47,853 INFO  [org.hibernate.tool.schema.internal.SchemaCreatorImpl] (ServerService Thread Pool -- 29) HHH000476: Executing import script 'org.hibernate.tool.schema.internal.exec.ScriptSourceInputNonExistentImpl@40f533da'
2017-01-19 14:15:48,693 INFO  [org.wildfly.extension.undertow] (ServerService Thread Pool -- 65) WFLYUT0021: Registered web context: /test
2017-01-19 14:15:48,753 INFO  [org.jboss.as.server] (management-handler-thread - 3) WFLYSRV0010: Deployed "test.war" (runtime-name : "test.war")
2017-01-19 14:15:49,716 INFO  [org.wildfly.extension.undertow] (ServerService Thread Pool -- 65) WFLYUT0022: Unregistered web context: /test
2017-01-19 14:15:49,770 INFO  [org.jboss.as.jpa] (ServerService Thread Pool -- 65) WFLYJPA0011: Stopping Persistence Unit (phase 2 of 2) Service 'test.war#pu-cdi-basic'
2017-01-19 14:15:49,770 INFO  [org.hibernate.tool.schema.internal.SchemaDropperImpl$DelayedDropActionImpl] (ServerService Thread Pool -- 65) HHH000477: Starting delayed drop of schema as part of SessionFactory shut-down'
2017-01-19 14:15:49,779 INFO  [org.jboss.as.jpa] (ServerService Thread Pool -- 19) WFLYJPA0011: Stopping Persistence Unit (phase 1 of 2) Service 'test.war#pu-cdi-basic'
2017-01-19 14:15:49,812 INFO  [org.jboss.as.clustering.infinispan] (ServerService Thread Pool -- 65) WFLYCLINF0003: Stopped client-mappings cache from ejb container
2017-01-19 14:15:49,822 INFO  [org.jboss.as.server.deployment] (MSC service thread 1-7) WFLYSRV0028: Stopped deployment test.war (runtime-name: test.war) in 122ms
2017-01-19 14:15:49,836 WARN  [org.jboss.as.controller] (management-handler-thread - 4) WFLYCTL0357: Notification of type deployment-undeployed is not described for the resource at the address []
2017-01-19 14:15:49,839 INFO  [org.jboss.as.repository] (management-handler-thread - 4) WFLYDR0002: Content removed from location /home/aboriero/hibernate/orm_last/hibernate-orm/build/wildfly-10.1.0.Final/standalone/data/content/42/879ca3bbd155ff153f2244358fde3034f35933/content
2017-01-19 14:15:49,840 INFO  [org.jboss.as.server] (management-handler-thread - 4) WFLYSRV0009: Undeployed "test.war" (runtime-name: "test.war")
2017-01-19 14:15:50,535 INFO  [org.jboss.as.repository] (management-handler-thread - 1) WFLYDR0001: Content added at location /home/aboriero/hibernate/orm_last/hibernate-orm/build/wildfly-10.1.0.Final/standalone/data/content/ef/6dd8507795043202c851ad9538100f4f8f537e/content
2017-01-19 14:15:50,538 INFO  [org.jboss.as.server.deployment] (MSC service thread 1-3) WFLYSRV0027: Starting deployment of "test.war" (runtime-name: "test.war")
2017-01-19 14:15:50,897 INFO  [org.jboss.as.jpa] (MSC service thread 1-7) WFLYJPA0002: Read persistence.xml for pu-cdi-basic
2017-01-19 14:15:50,926 INFO  [org.jboss.as.jpa] (ServerService Thread Pool -- 65) WFLYJPA0010: Starting Persistence Unit (phase 1 of 2) Service 'test.war#pu-cdi-basic'
2017-01-19 14:15:50,927 INFO  [org.hibernate.jpa.internal.util.LogHelper] (ServerService Thread Pool -- 65) HHH000204: Processing PersistenceUnitInfo [
	name: pu-cdi-basic
	...]
2017-01-19 14:15:50,935 INFO  [org.jboss.weld.deployer] (MSC service thread 1-6) WFLYWELD0003: Processing weld deployment test.war
2017-01-19 14:15:50,942 INFO  [org.jboss.as.ejb3.deployment] (MSC service thread 1-6) WFLYEJB0473: JNDI bindings for session bean named 'ManualFlushConversationalEventManager' in deployment unit 'deployment "test.war"' are as follows:

	java:global/test/ManualFlushConversationalEventManager!org.hibernate.jpa.test.cdi.extended.ManualFlushConversationalEventManager
	java:app/test/ManualFlushConversationalEventManager!org.hibernate.jpa.test.cdi.extended.ManualFlushConversationalEventManager
	java:module/ManualFlushConversationalEventManager!org.hibernate.jpa.test.cdi.extended.ManualFlushConversationalEventManager
	java:global/test/ManualFlushConversationalEventManager
	java:app/test/ManualFlushConversationalEventManager
	java:module/ManualFlushConversationalEventManager

2017-01-19 14:15:51,019 INFO  [org.infinispan.configuration.cache.EvictionConfigurationBuilder] (ServerService Thread Pool -- 65) ISPN000152: Passivation configured without an eviction policy being selected. Only manually evicted entities will be passivated.
2017-01-19 14:15:51,020 INFO  [org.infinispan.configuration.cache.EvictionConfigurationBuilder] (ServerService Thread Pool -- 65) ISPN000152: Passivation configured without an eviction policy being selected. Only manually evicted entities will be passivated.
2017-01-19 14:15:51,040 INFO  [org.jboss.as.clustering.infinispan] (ServerService Thread Pool -- 65) WFLYCLINF0002: Started client-mappings cache from ejb container
2017-01-19 14:15:51,058 INFO  [org.jboss.as.jpa] (ServerService Thread Pool -- 65) WFLYJPA0010: Starting Persistence Unit (phase 2 of 2) Service 'test.war#pu-cdi-basic'
2017-01-19 14:15:51,059 INFO  [org.hibernate.dialect.Dialect] (ServerService Thread Pool -- 65) HHH000400: Using dialect: org.hibernate.dialect.H2Dialect
2017-01-19 14:15:51,060 WARN  [org.hibernate.dialect.H2Dialect] (ServerService Thread Pool -- 65) HHH000431: Unable to determine H2 database version, certain features may not work
2017-01-19 14:15:51,076 INFO  [org.hibernate.envers.boot.internal.EnversServiceImpl] (ServerService Thread Pool -- 65) Envers integration enabled? : true
2017-01-19 14:15:51,111 INFO  [org.hibernate.tool.schema.internal.SchemaCreatorImpl] (ServerService Thread Pool -- 65) HHH000476: Executing import script 'org.hibernate.tool.schema.internal.exec.ScriptSourceInputNonExistentImpl@40f533da'
2017-01-19 14:15:51,366 WARN  [org.jboss.as.ejb3] (ServerService Thread Pool -- 4) WFLYEJB0463: Invalid transaction attribute type REQUIRED on SFSB lifecycle method Method init() of class class org.hibernate.jpa.test.cdi.extended.ManualFlushConversationalEventManager, valid types are REQUIRES_NEW and NOT_SUPPORTED. Method will be treated as NOT_SUPPORTED.
2017-01-19 14:15:51,399 INFO  [org.wildfly.extension.undertow] (ServerService Thread Pool -- 65) WFLYUT0021: Registered web context: /test
2017-01-19 14:15:51,419 INFO  [org.jboss.as.server] (management-handler-thread - 1) WFLYSRV0010: Deployed "test.war" (runtime-name : "test.war")
2017-01-19 14:15:51,646 INFO  [org.wildfly.extension.undertow] (ServerService Thread Pool -- 65) WFLYUT0022: Unregistered web context: /test
2017-01-19 14:15:51,673 INFO  [org.jboss.as.jpa] (ServerService Thread Pool -- 65) WFLYJPA0011: Stopping Persistence Unit (phase 2 of 2) Service 'test.war#pu-cdi-basic'
2017-01-19 14:15:51,674 INFO  [org.hibernate.tool.schema.internal.SchemaDropperImpl$DelayedDropActionImpl] (ServerService Thread Pool -- 65) HHH000477: Starting delayed drop of schema as part of SessionFactory shut-down'
2017-01-19 14:15:51,676 INFO  [org.jboss.as.jpa] (ServerService Thread Pool -- 65) WFLYJPA0011: Stopping Persistence Unit (phase 1 of 2) Service 'test.war#pu-cdi-basic'
2017-01-19 14:15:51,697 INFO  [org.jboss.as.clustering.infinispan] (ServerService Thread Pool -- 65) WFLYCLINF0003: Stopped client-mappings cache from ejb container
2017-01-19 14:15:51,711 INFO  [org.jboss.as.server.deployment] (MSC service thread 1-2) WFLYSRV0028: Stopped deployment test.war (runtime-name: test.war) in 67ms
2017-01-19 14:15:51,727 WARN  [org.jboss.as.controller] (management-handler-thread - 3) WFLYCTL0357: Notification of type deployment-undeployed is not described for the resource at the address []
2017-01-19 14:15:51,729 INFO  [org.jboss.as.repository] (management-handler-thread - 3) WFLYDR0002: Content removed from location /home/aboriero/hibernate/orm_last/hibernate-orm/build/wildfly-10.1.0.Final/standalone/data/content/ef/6dd8507795043202c851ad9538100f4f8f537e/content
2017-01-19 14:15:51,730 INFO  [org.jboss.as.server] (management-handler-thread - 3) WFLYSRV0009: Undeployed "test.war" (runtime-name: "test.war")
2017-01-19 14:15:53,005 INFO  [org.jboss.as.repository] (management-handler-thread - 4) WFLYDR0001: Content added at location /home/aboriero/hibernate/orm_last/hibernate-orm/build/wildfly-10.1.0.Final/standalone/data/content/ca/a784472c9226aa21dc510d8a17ccfaaefad964/content
2017-01-19 14:15:53,009 INFO  [org.jboss.as.server.deployment] (MSC service thread 1-6) WFLYSRV0027: Starting deployment of "test.war" (runtime-name: "test.war")
2017-01-19 14:15:53,387 INFO  [org.jboss.as.jpa] (MSC service thread 1-3) WFLYJPA0002: Read persistence.xml for pu-cdi-basic
2017-01-19 14:15:53,413 INFO  [org.jboss.as.jpa] (ServerService Thread Pool -- 29) WFLYJPA0010: Starting Persistence Unit (phase 1 of 2) Service 'test.war#pu-cdi-basic'
2017-01-19 14:15:53,413 INFO  [org.hibernate.jpa.internal.util.LogHelper] (ServerService Thread Pool -- 29) HHH000204: Processing PersistenceUnitInfo [
	name: pu-cdi-basic
	...]
2017-01-19 14:15:53,421 INFO  [org.jboss.weld.deployer] (MSC service thread 1-4) WFLYWELD0003: Processing weld deployment test.war
2017-01-19 14:15:53,430 INFO  [org.jboss.as.ejb3.deployment] (MSC service thread 1-4) WFLYEJB0473: JNDI bindings for session bean named 'NonConversationalEventManager' in deployment unit 'deployment "test.war"' are as follows:

	java:global/test/NonConversationalEventManager!org.hibernate.jpa.test.cdi.extended.NonConversationalEventManager
	java:app/test/NonConversationalEventManager!org.hibernate.jpa.test.cdi.extended.NonConversationalEventManager
	java:module/NonConversationalEventManager!org.hibernate.jpa.test.cdi.extended.NonConversationalEventManager
	java:global/test/NonConversationalEventManager
	java:app/test/NonConversationalEventManager
	java:module/NonConversationalEventManager

2017-01-19 14:15:53,485 INFO  [org.infinispan.configuration.cache.EvictionConfigurationBuilder] (ServerService Thread Pool -- 29) ISPN000152: Passivation configured without an eviction policy being selected. Only manually evicted entities will be passivated.
2017-01-19 14:15:53,486 INFO  [org.infinispan.configuration.cache.EvictionConfigurationBuilder] (ServerService Thread Pool -- 29) ISPN000152: Passivation configured without an eviction policy being selected. Only manually evicted entities will be passivated.
2017-01-19 14:15:53,492 INFO  [org.jboss.as.clustering.infinispan] (ServerService Thread Pool -- 29) WFLYCLINF0002: Started client-mappings cache from ejb container
2017-01-19 14:15:53,510 INFO  [org.jboss.as.jpa] (ServerService Thread Pool -- 29) WFLYJPA0010: Starting Persistence Unit (phase 2 of 2) Service 'test.war#pu-cdi-basic'
2017-01-19 14:15:53,511 INFO  [org.hibernate.dialect.Dialect] (ServerService Thread Pool -- 29) HHH000400: Using dialect: org.hibernate.dialect.H2Dialect
2017-01-19 14:15:53,512 WARN  [org.hibernate.dialect.H2Dialect] (ServerService Thread Pool -- 29) HHH000431: Unable to determine H2 database version, certain features may not work
2017-01-19 14:15:53,518 INFO  [org.hibernate.envers.boot.internal.EnversServiceImpl] (ServerService Thread Pool -- 29) Envers integration enabled? : true
2017-01-19 14:15:53,542 INFO  [org.hibernate.tool.schema.internal.SchemaCreatorImpl] (ServerService Thread Pool -- 29) HHH000476: Executing import script 'org.hibernate.tool.schema.internal.exec.ScriptSourceInputNonExistentImpl@40f533da'
2017-01-19 14:15:53,767 INFO  [org.wildfly.extension.undertow] (ServerService Thread Pool -- 27) WFLYUT0021: Registered web context: /test
2017-01-19 14:15:53,782 INFO  [org.jboss.as.server] (management-handler-thread - 4) WFLYSRV0010: Deployed "test.war" (runtime-name : "test.war")
2017-01-19 14:15:54,009 INFO  [org.wildfly.extension.undertow] (ServerService Thread Pool -- 27) WFLYUT0022: Unregistered web context: /test
2017-01-19 14:15:54,022 INFO  [org.jboss.as.jpa] (ServerService Thread Pool -- 19) WFLYJPA0011: Stopping Persistence Unit (phase 2 of 2) Service 'test.war#pu-cdi-basic'
2017-01-19 14:15:54,022 INFO  [org.hibernate.tool.schema.internal.SchemaDropperImpl$DelayedDropActionImpl] (ServerService Thread Pool -- 19) HHH000477: Starting delayed drop of schema as part of SessionFactory shut-down'
2017-01-19 14:15:54,026 INFO  [org.jboss.as.jpa] (ServerService Thread Pool -- 19) WFLYJPA0011: Stopping Persistence Unit (phase 1 of 2) Service 'test.war#pu-cdi-basic'
2017-01-19 14:15:54,046 INFO  [org.jboss.as.clustering.infinispan] (ServerService Thread Pool -- 65) WFLYCLINF0003: Stopped client-mappings cache from ejb container
2017-01-19 14:15:54,051 INFO  [org.jboss.as.server.deployment] (MSC service thread 1-4) WFLYSRV0028: Stopped deployment test.war (runtime-name: test.war) in 53ms
2017-01-19 14:15:54,066 WARN  [org.jboss.as.controller] (management-handler-thread - 2) WFLYCTL0357: Notification of type deployment-undeployed is not described for the resource at the address []
2017-01-19 14:15:54,068 INFO  [org.jboss.as.repository] (management-handler-thread - 2) WFLYDR0002: Content removed from location /home/aboriero/hibernate/orm_last/hibernate-orm/build/wildfly-10.1.0.Final/standalone/data/content/ca/a784472c9226aa21dc510d8a17ccfaaefad964/content
2017-01-19 14:15:54,068 INFO  [org.jboss.as.server] (management-handler-thread - 2) WFLYSRV0009: Undeployed "test.war" (runtime-name: "test.war")
2017-01-19 14:15:54,929 INFO  [org.jboss.as.repository] (management-handler-thread - 3) WFLYDR0001: Content added at location /home/aboriero/hibernate/orm_last/hibernate-orm/build/wildfly-10.1.0.Final/standalone/data/content/a4/d1684c1d43655cd8995760bd085e23dc5c4374/content
2017-01-19 14:15:54,932 INFO  [org.jboss.as.server.deployment] (MSC service thread 1-6) WFLYSRV0027: Starting deployment of "test.war" (runtime-name: "test.war")
2017-01-19 14:15:55,246 INFO  [org.jboss.as.jpa] (MSC service thread 1-3) WFLYJPA0002: Read persistence.xml for pu-cdi-basic
2017-01-19 14:15:55,259 INFO  [org.jboss.as.jpa] (ServerService Thread Pool -- 65) WFLYJPA0010: Starting Persistence Unit (phase 1 of 2) Service 'test.war#pu-cdi-basic'
2017-01-19 14:15:55,260 INFO  [org.hibernate.jpa.internal.util.LogHelper] (ServerService Thread Pool -- 65) HHH000204: Processing PersistenceUnitInfo [
	name: pu-cdi-basic
	...]
2017-01-19 14:15:55,266 INFO  [org.jboss.weld.deployer] (MSC service thread 1-2) WFLYWELD0003: Processing weld deployment test.war
2017-01-19 14:15:55,324 INFO  [org.jboss.as.jpa] (ServerService Thread Pool -- 65) WFLYJPA0010: Starting Persistence Unit (phase 2 of 2) Service 'test.war#pu-cdi-basic'
2017-01-19 14:15:55,325 INFO  [org.hibernate.dialect.Dialect] (ServerService Thread Pool -- 65) HHH000400: Using dialect: org.hibernate.dialect.H2Dialect
2017-01-19 14:15:55,326 WARN  [org.hibernate.dialect.H2Dialect] (ServerService Thread Pool -- 65) HHH000431: Unable to determine H2 database version, certain features may not work
2017-01-19 14:15:55,332 INFO  [org.hibernate.envers.boot.internal.EnversServiceImpl] (ServerService Thread Pool -- 65) Envers integration enabled? : true
2017-01-19 14:15:55,364 INFO  [org.hibernate.tool.schema.internal.SchemaCreatorImpl] (ServerService Thread Pool -- 65) HHH000476: Executing import script 'org.hibernate.tool.schema.internal.exec.ScriptSourceInputNonExistentImpl@40f533da'
2017-01-19 14:15:55,554 INFO  [javax.enterprise.resource.webcontainer.jsf.config] (ServerService Thread Pool -- 19) Initializing Mojarra 2.2.13.SP1 20160303-1204 for context '/test'
2017-01-19 14:15:56,315 INFO  [org.wildfly.extension.undertow] (ServerService Thread Pool -- 19) WFLYUT0021: Registered web context: /test
2017-01-19 14:15:56,325 INFO  [org.jboss.as.server] (management-handler-thread - 3) WFLYSRV0010: Deployed "test.war" (runtime-name : "test.war")
2017-01-19 14:15:56,495 INFO  [org.wildfly.extension.undertow] (ServerService Thread Pool -- 19) WFLYUT0022: Unregistered web context: /test
2017-01-19 14:15:56,504 INFO  [org.jboss.as.jpa] (ServerService Thread Pool -- 19) WFLYJPA0011: Stopping Persistence Unit (phase 2 of 2) Service 'test.war#pu-cdi-basic'
2017-01-19 14:15:56,504 INFO  [org.hibernate.tool.schema.internal.SchemaDropperImpl$DelayedDropActionImpl] (ServerService Thread Pool -- 19) HHH000477: Starting delayed drop of schema as part of SessionFactory shut-down'
2017-01-19 14:15:56,508 INFO  [org.jboss.as.jpa] (ServerService Thread Pool -- 19) WFLYJPA0011: Stopping Persistence Unit (phase 1 of 2) Service 'test.war#pu-cdi-basic'
2017-01-19 14:15:56,529 INFO  [org.jboss.as.server.deployment] (MSC service thread 1-5) WFLYSRV0028: Stopped deployment test.war (runtime-name: test.war) in 37ms
2017-01-19 14:15:56,538 WARN  [org.jboss.as.controller] (management-handler-thread - 1) WFLYCTL0357: Notification of type deployment-undeployed is not described for the resource at the address []
2017-01-19 14:15:56,539 INFO  [org.jboss.as.repository] (management-handler-thread - 1) WFLYDR0002: Content removed from location /home/aboriero/hibernate/orm_last/hibernate-orm/build/wildfly-10.1.0.Final/standalone/data/content/a4/d1684c1d43655cd8995760bd085e23dc5c4374/content
2017-01-19 14:15:56,539 INFO  [org.jboss.as.server] (management-handler-thread - 1) WFLYSRV0009: Undeployed "test.war" (runtime-name: "test.war")
2017-01-19 14:23:22,760 INFO  [org.jboss.as.repository] (management-handler-thread - 5) WFLYDR0001: Content added at location /home/aboriero/hibernate/orm_last/hibernate-orm/build/wildfly-10.1.0.Final/standalone/data/content/a2/f01b31a1242c329e1fabf48de6eab96e5d3f56/content
2017-01-19 14:23:22,770 INFO  [org.jboss.as.server.deployment] (MSC service thread 1-3) WFLYSRV0027: Starting deployment of "49e948c9-96a6-4a19-84bd-3c05f1090119.war" (runtime-name: "49e948c9-96a6-4a19-84bd-3c05f1090119.war")
2017-01-19 14:23:23,136 WARN  [org.jboss.weld.deployer] (MSC service thread 1-3) WFLYWELD0013: Deployment deployment "49e948c9-96a6-4a19-84bd-3c05f1090119.war" contains CDI annotations but no bean archive was not found. (No beans.xml nor class with bean defining annotations)
2017-01-19 14:23:23,163 INFO  [org.wildfly.extension.undertow] (ServerService Thread Pool -- 70) WFLYUT0021: Registered web context: /49e948c9-96a6-4a19-84bd-3c05f1090119
2017-01-19 14:23:23,173 INFO  [org.jboss.as.server] (management-handler-thread - 5) WFLYSRV0010: Deployed "49e948c9-96a6-4a19-84bd-3c05f1090119.war" (runtime-name : "49e948c9-96a6-4a19-84bd-3c05f1090119.war")
2017-01-19 14:23:23,563 INFO  [org.hibernate.jpa.internal.util.LogHelper] (default task-16) HHH000204: Processing PersistenceUnitInfo [
	name: pu-wf-ddl
	...]
2017-01-19 14:23:23,574 INFO  [org.hibernate.dialect.Dialect] (default task-16) HHH000400: Using dialect: org.hibernate.dialect.H2Dialect
2017-01-19 14:23:23,575 WARN  [org.hibernate.dialect.H2Dialect] (default task-16) HHH000431: Unable to determine H2 database version, certain features may not work
2017-01-19 14:23:23,580 INFO  [org.hibernate.envers.boot.internal.EnversServiceImpl] (default task-16) Envers integration enabled? : true
2017-01-19 14:23:23,599 INFO  [org.hibernate.tool.schema.internal.SchemaCreatorImpl] (default task-16) HHH000476: Executing import script 'org.hibernate.tool.schema.internal.exec.ScriptSourceInputNonExistentImpl@40f533da'
2017-01-19 14:23:23,600 INFO  [org.hibernate.tool.schema.internal.SchemaDropperImpl$DelayedDropActionImpl] (default task-16) HHH000477: Starting delayed drop of schema as part of SessionFactory shut-down'
2017-01-19 14:23:23,613 INFO  [org.wildfly.extension.undertow] (ServerService Thread Pool -- 70) WFLYUT0022: Unregistered web context: /49e948c9-96a6-4a19-84bd-3c05f1090119
2017-01-19 14:23:23,623 INFO  [org.jboss.as.server.deployment] (MSC service thread 1-5) WFLYSRV0028: Stopped deployment 49e948c9-96a6-4a19-84bd-3c05f1090119.war (runtime-name: 49e948c9-96a6-4a19-84bd-3c05f1090119.war) in 11ms
2017-01-19 14:23:23,632 WARN  [org.jboss.as.controller] (management-handler-thread - 7) WFLYCTL0357: Notification of type deployment-undeployed is not described for the resource at the address []
2017-01-19 14:23:23,634 INFO  [org.jboss.as.repository] (management-handler-thread - 7) WFLYDR0002: Content removed from location /home/aboriero/hibernate/orm_last/hibernate-orm/build/wildfly-10.1.0.Final/standalone/data/content/a2/f01b31a1242c329e1fabf48de6eab96e5d3f56/content
2017-01-19 14:23:23,634 INFO  [org.jboss.as.server] (management-handler-thread - 7) WFLYSRV0009: Undeployed "49e948c9-96a6-4a19-84bd-3c05f1090119.war" (runtime-name: "49e948c9-96a6-4a19-84bd-3c05f1090119.war")
2017-01-19 14:23:24,155 INFO  [org.jboss.as.repository] (management-handler-thread - 8) WFLYDR0001: Content added at location /home/aboriero/hibernate/orm_last/hibernate-orm/build/wildfly-10.1.0.Final/standalone/data/content/06/111d1b85489b8acc373ebfddae7465e10d9e18/content
2017-01-19 14:23:24,157 INFO  [org.jboss.as.server.deployment] (MSC service thread 1-1) WFLYSRV0027: Starting deployment of "BmtSfStatefulBean.war" (runtime-name: "BmtSfStatefulBean.war")
2017-01-19 14:23:24,383 INFO  [org.jboss.weld.deployer] (MSC service thread 1-7) WFLYWELD0003: Processing weld deployment BmtSfStatefulBean.war
2017-01-19 14:23:24,391 INFO  [org.jboss.as.ejb3.deployment] (MSC service thread 1-7) WFLYEJB0473: JNDI bindings for session bean named 'BmtSfStatefulBean' in deployment unit 'deployment "BmtSfStatefulBean.war"' are as follows:

	java:global/BmtSfStatefulBean/BmtSfStatefulBean!org.hibernate.test.wf.ddl.bmt.sf.BmtSfStatefulBean
	java:app/BmtSfStatefulBean/BmtSfStatefulBean!org.hibernate.test.wf.ddl.bmt.sf.BmtSfStatefulBean
	java:module/BmtSfStatefulBean!org.hibernate.test.wf.ddl.bmt.sf.BmtSfStatefulBean
	java:global/BmtSfStatefulBean/BmtSfStatefulBean
	java:app/BmtSfStatefulBean/BmtSfStatefulBean
	java:module/BmtSfStatefulBean

2017-01-19 14:23:24,434 INFO  [org.infinispan.configuration.cache.EvictionConfigurationBuilder] (ServerService Thread Pool -- 73) ISPN000152: Passivation configured without an eviction policy being selected. Only manually evicted entities will be passivated.
2017-01-19 14:23:24,435 INFO  [org.infinispan.configuration.cache.EvictionConfigurationBuilder] (ServerService Thread Pool -- 73) ISPN000152: Passivation configured without an eviction policy being selected. Only manually evicted entities will be passivated.
2017-01-19 14:23:24,451 INFO  [org.jboss.as.clustering.infinispan] (ServerService Thread Pool -- 73) WFLYCLINF0002: Started client-mappings cache from ejb container
2017-01-19 14:23:24,654 INFO  [org.wildfly.extension.undertow] (ServerService Thread Pool -- 74) WFLYUT0021: Registered web context: /BmtSfStatefulBean
2017-01-19 14:23:24,662 INFO  [org.jboss.as.server] (management-handler-thread - 8) WFLYSRV0010: Deployed "BmtSfStatefulBean.war" (runtime-name : "BmtSfStatefulBean.war")
2017-01-19 14:23:25,041 INFO  [org.hibernate.dialect.Dialect] (default task-21) HHH000400: Using dialect: org.hibernate.dialect.H2Dialect
2017-01-19 14:23:25,049 WARN  [org.hibernate.dialect.H2Dialect] (default task-21) HHH000431: Unable to determine H2 database version, certain features may not work
2017-01-19 14:23:25,054 INFO  [org.hibernate.envers.boot.internal.EnversServiceImpl] (default task-21) Envers integration enabled? : true
2017-01-19 14:23:25,075 INFO  [stdout] (default task-21) Hibernate: drop table WildFlyDdlEntity if exists
2017-01-19 14:23:25,076 INFO  [stdout] (default task-21) Hibernate: create table WildFlyDdlEntity (id integer not null, name varchar(255), primary key (id))
2017-01-19 14:23:25,077 INFO  [org.hibernate.tool.schema.internal.SchemaCreatorImpl] (default task-21) HHH000476: Executing import script 'org.hibernate.tool.schema.internal.exec.ScriptSourceInputNonExistentImpl@40f533da'
2017-01-19 14:23:25,079 INFO  [org.hibernate.tool.schema.internal.SchemaDropperImpl$DelayedDropActionImpl] (default task-21) HHH000477: Starting delayed drop of schema as part of SessionFactory shut-down'
2017-01-19 14:23:25,080 INFO  [stdout] (default task-21) Hibernate: drop table WildFlyDdlEntity if exists
2017-01-19 14:23:25,110 INFO  [org.wildfly.extension.undertow] (ServerService Thread Pool -- 72) WFLYUT0022: Unregistered web context: /BmtSfStatefulBean
2017-01-19 14:23:25,158 INFO  [org.jboss.as.clustering.infinispan] (ServerService Thread Pool -- 75) WFLYCLINF0003: Stopped client-mappings cache from ejb container
2017-01-19 14:23:25,169 INFO  [org.jboss.as.server.deployment] (MSC service thread 1-5) WFLYSRV0028: Stopped deployment BmtSfStatefulBean.war (runtime-name: BmtSfStatefulBean.war) in 62ms
2017-01-19 14:23:25,181 WARN  [org.jboss.as.controller] (management-handler-thread - 6) WFLYCTL0357: Notification of type deployment-undeployed is not described for the resource at the address []
2017-01-19 14:23:25,187 INFO  [org.jboss.as.repository] (management-handler-thread - 6) WFLYDR0002: Content removed from location /home/aboriero/hibernate/orm_last/hibernate-orm/build/wildfly-10.1.0.Final/standalone/data/content/06/111d1b85489b8acc373ebfddae7465e10d9e18/content
2017-01-19 14:23:25,188 INFO  [org.jboss.as.server] (management-handler-thread - 6) WFLYSRV0009: Undeployed "BmtSfStatefulBean.war" (runtime-name: "BmtSfStatefulBean.war")
2017-01-19 14:23:25,780 INFO  [org.jboss.as.repository] (management-handler-thread - 7) WFLYDR0001: Content added at location /home/aboriero/hibernate/orm_last/hibernate-orm/build/wildfly-10.1.0.Final/standalone/data/content/1f/9abe0e73e40a5c31183ab295b77d1437b7f59f/content
2017-01-19 14:23:25,782 INFO  [org.jboss.as.server.deployment] (MSC service thread 1-7) WFLYSRV0027: Starting deployment of "03efe94f-8630-413e-bc7d-9e35ee65ea14.war" (runtime-name: "03efe94f-8630-413e-bc7d-9e35ee65ea14.war")
2017-01-19 14:23:25,981 WARN  [org.jboss.weld.deployer] (MSC service thread 1-5) WFLYWELD0013: Deployment deployment "03efe94f-8630-413e-bc7d-9e35ee65ea14.war" contains CDI annotations but no bean archive was not found. (No beans.xml nor class with bean defining annotations)
2017-01-19 14:23:25,996 INFO  [org.wildfly.extension.undertow] (ServerService Thread Pool -- 70) WFLYUT0021: Registered web context: /03efe94f-8630-413e-bc7d-9e35ee65ea14
2017-01-19 14:23:26,002 INFO  [org.jboss.as.server] (management-handler-thread - 7) WFLYSRV0010: Deployed "03efe94f-8630-413e-bc7d-9e35ee65ea14.war" (runtime-name : "03efe94f-8630-413e-bc7d-9e35ee65ea14.war")
2017-01-19 14:23:26,147 INFO  [org.hibernate.jpa.internal.util.LogHelper] (default task-28) HHH000204: Processing PersistenceUnitInfo [
	name: pu-wf-ddl
	...]
2017-01-19 14:23:26,153 INFO  [org.hibernate.dialect.Dialect] (default task-28) HHH000400: Using dialect: org.hibernate.dialect.H2Dialect
2017-01-19 14:23:26,154 WARN  [org.hibernate.dialect.H2Dialect] (default task-28) HHH000431: Unable to determine H2 database version, certain features may not work
2017-01-19 14:23:26,158 INFO  [org.hibernate.envers.boot.internal.EnversServiceImpl] (default task-28) Envers integration enabled? : true
2017-01-19 14:23:26,174 INFO  [org.hibernate.tool.schema.internal.SchemaCreatorImpl] (default task-28) HHH000476: Executing import script 'org.hibernate.tool.schema.internal.exec.ScriptSourceInputNonExistentImpl@40f533da'
2017-01-19 14:23:26,174 INFO  [org.hibernate.tool.schema.internal.SchemaDropperImpl$DelayedDropActionImpl] (default task-28) HHH000477: Starting delayed drop of schema as part of SessionFactory shut-down'
2017-01-19 14:23:26,194 INFO  [org.wildfly.extension.undertow] (ServerService Thread Pool -- 70) WFLYUT0022: Unregistered web context: /03efe94f-8630-413e-bc7d-9e35ee65ea14
2017-01-19 14:23:26,216 INFO  [org.jboss.as.server.deployment] (MSC service thread 1-8) WFLYSRV0028: Stopped deployment 03efe94f-8630-413e-bc7d-9e35ee65ea14.war (runtime-name: 03efe94f-8630-413e-bc7d-9e35ee65ea14.war) in 28ms
2017-01-19 14:23:26,239 WARN  [org.jboss.as.controller] (management-handler-thread - 5) WFLYCTL0357: Notification of type deployment-undeployed is not described for the resource at the address []
2017-01-19 14:23:26,241 INFO  [org.jboss.as.repository] (management-handler-thread - 5) WFLYDR0002: Content removed from location /home/aboriero/hibernate/orm_last/hibernate-orm/build/wildfly-10.1.0.Final/standalone/data/content/1f/9abe0e73e40a5c31183ab295b77d1437b7f59f/content
2017-01-19 14:23:26,243 INFO  [org.jboss.as.server] (management-handler-thread - 5) WFLYSRV0009: Undeployed "03efe94f-8630-413e-bc7d-9e35ee65ea14.war" (runtime-name: "03efe94f-8630-413e-bc7d-9e35ee65ea14.war")
2017-01-19 14:23:26,760 INFO  [org.jboss.as.repository] (management-handler-thread - 6) WFLYDR0001: Content added at location /home/aboriero/hibernate/orm_last/hibernate-orm/build/wildfly-10.1.0.Final/standalone/data/content/8d/0c7d87bb2d68b54015a4a4b0b4f113650d6ada/content
2017-01-19 14:23:26,762 INFO  [org.jboss.as.server.deployment] (MSC service thread 1-2) WFLYSRV0027: Starting deployment of "CmtSfStatefulBean.war" (runtime-name: "CmtSfStatefulBean.war")
2017-01-19 14:23:27,010 INFO  [org.jboss.weld.deployer] (MSC service thread 1-1) WFLYWELD0003: Processing weld deployment CmtSfStatefulBean.war
2017-01-19 14:23:27,014 INFO  [org.jboss.as.ejb3.deployment] (MSC service thread 1-1) WFLYEJB0473: JNDI bindings for session bean named 'CmtSfStatefulBean' in deployment unit 'deployment "CmtSfStatefulBean.war"' are as follows:

	java:global/CmtSfStatefulBean/CmtSfStatefulBean!org.hibernate.test.wf.ddl.cmt.sf.CmtSfStatefulBean
	java:app/CmtSfStatefulBean/CmtSfStatefulBean!org.hibernate.test.wf.ddl.cmt.sf.CmtSfStatefulBean
	java:module/CmtSfStatefulBean!org.hibernate.test.wf.ddl.cmt.sf.CmtSfStatefulBean
	java:global/CmtSfStatefulBean/CmtSfStatefulBean
	java:app/CmtSfStatefulBean/CmtSfStatefulBean
	java:module/CmtSfStatefulBean

2017-01-19 14:23:27,040 INFO  [org.infinispan.configuration.cache.EvictionConfigurationBuilder] (ServerService Thread Pool -- 70) ISPN000152: Passivation configured without an eviction policy being selected. Only manually evicted entities will be passivated.
2017-01-19 14:23:27,041 INFO  [org.infinispan.configuration.cache.EvictionConfigurationBuilder] (ServerService Thread Pool -- 70) ISPN000152: Passivation configured without an eviction policy being selected. Only manually evicted entities will be passivated.
2017-01-19 14:23:27,048 INFO  [org.jboss.as.clustering.infinispan] (ServerService Thread Pool -- 70) WFLYCLINF0002: Started client-mappings cache from ejb container
2017-01-19 14:23:27,250 INFO  [org.wildfly.extension.undertow] (ServerService Thread Pool -- 76) WFLYUT0021: Registered web context: /CmtSfStatefulBean
2017-01-19 14:23:27,262 INFO  [org.jboss.as.server] (management-handler-thread - 6) WFLYSRV0010: Deployed "CmtSfStatefulBean.war" (runtime-name : "CmtSfStatefulBean.war")
2017-01-19 14:23:27,493 INFO  [org.hibernate.dialect.Dialect] (default task-30) HHH000400: Using dialect: org.hibernate.dialect.H2Dialect
2017-01-19 14:23:27,494 WARN  [org.hibernate.dialect.H2Dialect] (default task-30) HHH000431: Unable to determine H2 database version, certain features may not work
2017-01-19 14:23:27,498 INFO  [org.hibernate.envers.boot.internal.EnversServiceImpl] (default task-30) Envers integration enabled? : true
2017-01-19 14:23:27,513 INFO  [stdout] (default task-30) Hibernate: drop table WildFlyDdlEntity if exists
2017-01-19 14:23:27,514 INFO  [stdout] (default task-30) Hibernate: create table WildFlyDdlEntity (id integer not null, name varchar(255), primary key (id))
2017-01-19 14:23:27,516 INFO  [org.hibernate.tool.schema.internal.SchemaCreatorImpl] (default task-30) HHH000476: Executing import script 'org.hibernate.tool.schema.internal.exec.ScriptSourceInputNonExistentImpl@40f533da'
2017-01-19 14:23:27,517 INFO  [org.hibernate.tool.schema.internal.SchemaDropperImpl$DelayedDropActionImpl] (default task-30) HHH000477: Starting delayed drop of schema as part of SessionFactory shut-down'
2017-01-19 14:23:27,518 INFO  [stdout] (default task-30) Hibernate: drop table WildFlyDdlEntity if exists
2017-01-19 14:23:27,551 INFO  [org.wildfly.extension.undertow] (ServerService Thread Pool -- 76) WFLYUT0022: Unregistered web context: /CmtSfStatefulBean
2017-01-19 14:23:27,583 INFO  [org.jboss.as.clustering.infinispan] (ServerService Thread Pool -- 70) WFLYCLINF0003: Stopped client-mappings cache from ejb container
2017-01-19 14:23:27,588 INFO  [org.jboss.as.server.deployment] (MSC service thread 1-2) WFLYSRV0028: Stopped deployment CmtSfStatefulBean.war (runtime-name: CmtSfStatefulBean.war) in 40ms
2017-01-19 14:23:27,597 WARN  [org.jboss.as.controller] (management-handler-thread - 8) WFLYCTL0357: Notification of type deployment-undeployed is not described for the resource at the address []
2017-01-19 14:23:27,604 INFO  [org.jboss.as.repository] (management-handler-thread - 8) WFLYDR0002: Content removed from location /home/aboriero/hibernate/orm_last/hibernate-orm/build/wildfly-10.1.0.Final/standalone/data/content/8d/0c7d87bb2d68b54015a4a4b0b4f113650d6ada/content
2017-01-19 14:23:27,605 INFO  [org.jboss.as.server] (management-handler-thread - 8) WFLYSRV0009: Undeployed "CmtSfStatefulBean.war" (runtime-name: "CmtSfStatefulBean.war")
2017-01-19 14:23:31,634 INFO  [org.jboss.as.server] (Thread-2) WFLYSRV0220: Server shutdown has been requested via an OS signal
2017-01-19 14:23:31,649 INFO  [org.wildfly.extension.undertow] (MSC service thread 1-2) WFLYUT0008: Undertow HTTPS listener https suspending
2017-01-19 14:23:31,650 INFO  [org.wildfly.extension.undertow] (MSC service thread 1-2) WFLYUT0007: Undertow HTTPS listener https stopped, was bound to 127.0.0.1:8443
2017-01-19 14:23:31,673 INFO  [org.jboss.as.connector.subsystems.datasources] (MSC service thread 1-1) WFLYJCA0010: Unbound data source [java:jboss/datasources/ExampleDS]
2017-01-19 14:23:31,686 INFO  [org.wildfly.extension.undertow] (MSC service thread 1-1) WFLYUT0019: Host default-host stopping
2017-01-19 14:23:31,686 INFO  [org.wildfly.extension.undertow] (MSC service thread 1-1) WFLYUT0008: Undertow HTTP listener default suspending
2017-01-19 14:23:31,715 INFO  [org.wildfly.extension.undertow] (MSC service thread 1-1) WFLYUT0007: Undertow HTTP listener default stopped, was bound to 127.0.0.1:8080
2017-01-19 14:23:31,731 INFO  [org.wildfly.extension.undertow] (MSC service thread 1-1) WFLYUT0004: Undertow 1.4.0.Final stopping
2017-01-19 14:23:31,740 INFO  [org.jboss.as.connector.deployers.jdbc] (MSC service thread 1-2) WFLYJCA0019: Stopped Driver service with driver-name = h2
2017-01-19 14:23:31,750 INFO  [org.jboss.as] (MSC service thread 1-3) WFLYSRV0050: WildFly Full 10.1.0.Final (WildFly Core 2.2.0.Final) stopped in 78ms
2017-01-19 14:27:59,353 INFO  [org.jboss.modules] (main) JBoss Modules version 1.5.2.Final
2017-01-19 14:27:59,657 INFO  [org.jboss.msc] (main) JBoss MSC version 1.2.6.Final
2017-01-19 14:27:59,760 INFO  [org.jboss.as] (MSC service thread 1-7) WFLYSRV0049: WildFly Full 10.1.0.Final (WildFly Core 2.2.0.Final) starting
2017-01-19 14:27:59,762 DEBUG [org.jboss.as.config] (MSC service thread 1-7) Configured system properties:
	[Standalone] = 
	awt.toolkit = sun.awt.X11.XToolkit
	file.encoding = UTF-8
	file.encoding.pkg = sun.io
	file.separator = /
	java.awt.graphicsenv = sun.awt.X11GraphicsEnvironment
	java.awt.printerjob = sun.print.PSPrinterJob
	java.class.path = /home/aboriero/hibernate/orm_last/hibernate-orm/build/wildfly-10.1.0.Final/jboss-modules.jar
	java.class.version = 52.0
	java.endorsed.dirs = /opt/jdk1.8.0_101/jre/lib/endorsed
	java.ext.dirs = /opt/jdk1.8.0_101/jre/lib/ext:/usr/java/packages/lib/ext
	java.home = /opt/jdk1.8.0_101/jre
	java.io.tmpdir = /tmp
	java.library.path = /usr/java/packages/lib/amd64:/usr/lib64:/lib64:/lib:/usr/lib
	java.runtime.name = Java(TM) SE Runtime Environment
	java.runtime.version = 1.8.0_101-b13
	java.specification.name = Java Platform API Specification
	java.specification.vendor = Oracle Corporation
	java.specification.version = 1.8
	java.util.logging.manager = org.jboss.logmanager.LogManager
	java.vendor = Oracle Corporation
	java.vendor.url = http://java.oracle.com/
	java.vendor.url.bug = http://bugreport.sun.com/bugreport/
	java.version = 1.8.0_101
	java.vm.info = mixed mode
	java.vm.name = Java HotSpot(TM) 64-Bit Server VM
	java.vm.specification.name = Java Virtual Machine Specification
	java.vm.specification.vendor = Oracle Corporation
	java.vm.specification.version = 1.8
	java.vm.vendor = Oracle Corporation
	java.vm.version = 25.101-b13
	javax.management.builder.initial = org.jboss.as.jmx.PluggableMBeanServerBuilder
	javax.xml.datatype.DatatypeFactory = __redirected.__DatatypeFactory
	javax.xml.parsers.DocumentBuilderFactory = __redirected.__DocumentBuilderFactory
	javax.xml.parsers.SAXParserFactory = __redirected.__SAXParserFactory
	javax.xml.stream.XMLEventFactory = __redirected.__XMLEventFactory
	javax.xml.stream.XMLInputFactory = __redirected.__XMLInputFactory
	javax.xml.stream.XMLOutputFactory = __redirected.__XMLOutputFactory
	javax.xml.transform.TransformerFactory = __redirected.__TransformerFactory
	javax.xml.validation.SchemaFactory:http://www.w3.org/2001/XMLSchema = __redirected.__SchemaFactory
	javax.xml.xpath.XPathFactory:http://java.sun.com/jaxp/xpath/dom = __redirected.__XPathFactory
	jboss.home.dir = /home/aboriero/hibernate/orm_last/hibernate-orm/build/wildfly-10.1.0.Final
	jboss.host.name = localhost
	jboss.modules.dir = /home/aboriero/hibernate/orm_last/hibernate-orm/build/wildfly-10.1.0.Final/modules
	jboss.node.name = localhost
	jboss.qualified.host.name = localhost.localdomain
	jboss.server.base.dir = /home/aboriero/hibernate/orm_last/hibernate-orm/build/wildfly-10.1.0.Final/standalone
	jboss.server.config.dir = /home/aboriero/hibernate/orm_last/hibernate-orm/build/wildfly-10.1.0.Final/standalone/configuration
	jboss.server.data.dir = /home/aboriero/hibernate/orm_last/hibernate-orm/build/wildfly-10.1.0.Final/standalone/data
	jboss.server.deploy.dir = /home/aboriero/hibernate/orm_last/hibernate-orm/build/wildfly-10.1.0.Final/standalone/data/content
	jboss.server.log.dir = /home/aboriero/hibernate/orm_last/hibernate-orm/build/wildfly-10.1.0.Final/standalone/log
	jboss.server.name = localhost
	jboss.server.persist.config = true
	jboss.server.temp.dir = /home/aboriero/hibernate/orm_last/hibernate-orm/build/wildfly-10.1.0.Final/standalone/tmp
	line.separator = 

	logging.configuration = file:/home/aboriero/hibernate/orm_last/hibernate-orm/build/wildfly-10.1.0.Final/standalone/configuration/logging.properties
	module.path = /home/aboriero/hibernate/orm_last/hibernate-orm/build/wildfly-10.1.0.Final/modules
	org.jboss.boot.log.file = /home/aboriero/hibernate/orm_last/hibernate-orm/build/wildfly-10.1.0.Final/standalone/log/server.log
	org.jboss.resolver.warning = true
	org.xml.sax.driver = __redirected.__XMLReaderFactory
	os.arch = amd64
	os.name = Linux
	os.version = 4.9.3-200.fc25.x86_64
	path.separator = :
	sun.arch.data.model = 64
	sun.boot.class.path = /opt/jdk1.8.0_101/jre/lib/resources.jar:/opt/jdk1.8.0_101/jre/lib/rt.jar:/opt/jdk1.8.0_101/jre/lib/sunrsasign.jar:/opt/jdk1.8.0_101/jre/lib/jsse.jar:/opt/jdk1.8.0_101/jre/lib/jce.jar:/opt/jdk1.8.0_101/jre/lib/charsets.jar:/opt/jdk1.8.0_101/jre/lib/jfr.jar:/opt/jdk1.8.0_101/jre/classes
	sun.boot.library.path = /opt/jdk1.8.0_101/jre/lib/amd64
	sun.cpu.endian = little
	sun.cpu.isalist = 
	sun.desktop = gnome
	sun.io.unicode.encoding = UnicodeLittle
	sun.java.command = /home/aboriero/hibernate/orm_last/hibernate-orm/build/wildfly-10.1.0.Final/jboss-modules.jar -mp /home/aboriero/hibernate/orm_last/hibernate-orm/build/wildfly-10.1.0.Final/modules org.jboss.as.standalone -Djboss.home.dir=/home/aboriero/hibernate/orm_last/hibernate-orm/build/wildfly-10.1.0.Final -Djboss.server.base.dir=/home/aboriero/hibernate/orm_last/hibernate-orm/build/wildfly-10.1.0.Final/standalone -Djboss.server.log.dir=/home/aboriero/hibernate/orm_last/hibernate-orm/build/wildfly-10.1.0.Final/standalone/log -Djboss.server.config.dir=/home/aboriero/hibernate/orm_last/hibernate-orm/build/wildfly-10.1.0.Final/standalone/configuration
	sun.java.launcher = SUN_STANDARD
	sun.jnu.encoding = UTF-8
	sun.management.compiler = HotSpot 64-Bit Tiered Compilers
	sun.os.patch.level = unknown
	user.country = GB
	user.dir = /home/aboriero/hibernate/orm_last/hibernate-orm/hibernate-orm-modules
	user.home = /home/aboriero
	user.language = en
	user.name = aboriero
	user.timezone = Europe/London
2017-01-19 14:27:59,762 DEBUG [org.jboss.as.config] (MSC service thread 1-7) VM Arguments: -D[Standalone] -ea -Djboss.home.dir=/home/aboriero/hibernate/orm_last/hibernate-orm/build/wildfly-10.1.0.Final -Dorg.jboss.boot.log.file=/home/aboriero/hibernate/orm_last/hibernate-orm/build/wildfly-10.1.0.Final/standalone/log/server.log -Dlogging.configuration=file:/home/aboriero/hibernate/orm_last/hibernate-orm/build/wildfly-10.1.0.Final/standalone/configuration/logging.properties 
2017-01-19 14:28:01,694 INFO  [org.jboss.as.server] (Controller Boot Thread) WFLYSRV0039: Creating http management service using socket-binding (management-http)
2017-01-19 14:28:01,719 INFO  [org.xnio] (MSC service thread 1-1) XNIO version 3.4.0.Final
2017-01-19 14:28:01,728 INFO  [org.xnio.nio] (MSC service thread 1-1) XNIO NIO Implementation Version 3.4.0.Final
2017-01-19 14:28:01,816 INFO  [org.jboss.remoting] (MSC service thread 1-1) JBoss Remoting version 4.0.21.Final
2017-01-19 14:28:01,843 INFO  [org.wildfly.extension.io] (ServerService Thread Pool -- 37) WFLYIO001: Worker 'default' has auto-configured to 8 core threads with 64 task threads based on your 4 available processors
2017-01-19 14:28:01,873 INFO  [org.jboss.as.clustering.infinispan] (ServerService Thread Pool -- 38) WFLYCLINF0001: Activating Infinispan subsystem.
2017-01-19 14:28:01,884 INFO  [org.jboss.as.connector.subsystems.datasources] (ServerService Thread Pool -- 33) WFLYJCA0004: Deploying JDBC-compliant driver class org.h2.Driver (version 1.3)
2017-01-19 14:28:01,903 INFO  [org.jboss.as.jsf] (ServerService Thread Pool -- 44) WFLYJSF0007: Activated the following JSF Implementations: [main]
2017-01-19 14:28:01,934 INFO  [org.jboss.as.naming] (ServerService Thread Pool -- 46) WFLYNAM0001: Activating Naming Subsystem
2017-01-19 14:28:01,938 INFO  [org.jboss.as.connector] (MSC service thread 1-4) WFLYJCA0009: Starting JCA Subsystem (WildFly/IronJacamar 1.3.4.Final)
2017-01-19 14:28:01,945 INFO  [org.jboss.as.connector.deployers.jdbc] (MSC service thread 1-2) WFLYJCA0018: Started Driver service with driver-name = h2
2017-01-19 14:28:01,957 WARN  [org.jboss.as.txn] (ServerService Thread Pool -- 54) WFLYTX0013: Node identifier property is set to the default value. Please make sure it is unique.
2017-01-19 14:28:01,985 INFO  [org.jboss.as.security] (ServerService Thread Pool -- 53) WFLYSEC0002: Activating Security Subsystem
2017-01-19 14:28:02,004 INFO  [org.jboss.as.webservices] (ServerService Thread Pool -- 56) WFLYWS0002: Activating WebServices Extension
2017-01-19 14:28:02,182 INFO  [org.wildfly.extension.undertow] (MSC service thread 1-5) WFLYUT0003: Undertow 1.4.0.Final starting
2017-01-19 14:28:02,222 INFO  [org.jboss.as.security] (MSC service thread 1-1) WFLYSEC0001: Current PicketBox version=4.9.6.Final
2017-01-19 14:28:02,279 INFO  [org.jboss.as.naming] (MSC service thread 1-4) WFLYNAM0003: Starting Naming Service
2017-01-19 14:28:02,279 INFO  [org.jboss.as.mail.extension] (MSC service thread 1-4) WFLYMAIL0001: Bound mail session [java:jboss/mail/Default]
2017-01-19 14:28:02,402 INFO  [org.wildfly.extension.undertow] (MSC service thread 1-5) WFLYUT0012: Started server default-server.
2017-01-19 14:28:02,406 INFO  [org.wildfly.extension.undertow] (MSC service thread 1-4) WFLYUT0018: Host default-host starting
2017-01-19 14:28:02,452 INFO  [org.wildfly.extension.undertow] (ServerService Thread Pool -- 55) WFLYUT0014: Creating file handler for path '/home/aboriero/hibernate/orm_last/hibernate-orm/build/wildfly-10.1.0.Final/welcome-content' with options [directory-listing: 'false', follow-symlink: 'false', case-sensitive: 'true', safe-symlink-paths: '[]']
2017-01-19 14:28:02,589 INFO  [org.jboss.as.ejb3] (MSC service thread 1-7) WFLYEJB0482: Strict pool mdb-strict-max-pool is using a max instance size of 16 (per class), which is derived from the number of CPUs on this host.
2017-01-19 14:28:02,592 INFO  [org.jboss.as.ejb3] (MSC service thread 1-6) WFLYEJB0481: Strict pool slsb-strict-max-pool is using a max instance size of 64 (per class), which is derived from thread worker pool sizing.
2017-01-19 14:28:02,622 INFO  [org.wildfly.extension.undertow] (MSC service thread 1-5) WFLYUT0006: Undertow HTTP listener default listening on 127.0.0.1:8080
2017-01-19 14:28:02,868 INFO  [org.jboss.as.connector.subsystems.datasources] (MSC service thread 1-6) WFLYJCA0001: Bound data source [java:jboss/datasources/ExampleDS]
2017-01-19 14:28:03,084 WARN  [org.jboss.as.domain.management.security] (MSC service thread 1-6) WFLYDM0111: Keystore /home/aboriero/hibernate/orm_last/hibernate-orm/build/wildfly-10.1.0.Final/standalone/configuration/application.keystore not found, it will be auto generated on first use with a self signed certificate for host localhost
2017-01-19 14:28:03,133 INFO  [org.jboss.as.server.deployment.scanner] (MSC service thread 1-1) WFLYDS0013: Started FileSystemDeploymentService for directory /home/aboriero/hibernate/orm_last/hibernate-orm/build/wildfly-10.1.0.Final/standalone/deployments
2017-01-19 14:28:03,468 INFO  [org.infinispan.factories.GlobalComponentRegistry] (MSC service thread 1-7) ISPN000128: Infinispan version: Infinispan 'Chakra' 8.2.4.Final
2017-01-19 14:28:03,488 INFO  [org.wildfly.extension.undertow] (MSC service thread 1-2) WFLYUT0006: Undertow HTTPS listener https listening on 127.0.0.1:8443
2017-01-19 14:28:03,514 INFO  [org.infinispan.configuration.cache.EvictionConfigurationBuilder] (ServerService Thread Pool -- 62) ISPN000152: Passivation configured without an eviction policy being selected. Only manually evicted entities will be passivated.
2017-01-19 14:28:03,521 INFO  [org.infinispan.configuration.cache.EvictionConfigurationBuilder] (ServerService Thread Pool -- 62) ISPN000152: Passivation configured without an eviction policy being selected. Only manually evicted entities will be passivated.
2017-01-19 14:28:03,542 INFO  [org.infinispan.configuration.cache.EvictionConfigurationBuilder] (ServerService Thread Pool -- 66) ISPN000152: Passivation configured without an eviction policy being selected. Only manually evicted entities will be passivated.
2017-01-19 14:28:03,544 INFO  [org.infinispan.configuration.cache.EvictionConfigurationBuilder] (ServerService Thread Pool -- 66) ISPN000152: Passivation configured without an eviction policy being selected. Only manually evicted entities will be passivated.
2017-01-19 14:28:03,551 INFO  [org.infinispan.configuration.cache.EvictionConfigurationBuilder] (ServerService Thread Pool -- 65) ISPN000152: Passivation configured without an eviction policy being selected. Only manually evicted entities will be passivated.
2017-01-19 14:28:03,553 INFO  [org.infinispan.configuration.cache.EvictionConfigurationBuilder] (ServerService Thread Pool -- 65) ISPN000152: Passivation configured without an eviction policy being selected. Only manually evicted entities will be passivated.
2017-01-19 14:28:03,709 INFO  [org.jboss.ws.common.management] (MSC service thread 1-2) JBWS022052: Starting JBossWS 5.1.5.Final (Apache CXF 3.1.6) 
2017-01-19 14:28:04,009 INFO  [org.jboss.as] (Controller Boot Thread) WFLYSRV0060: Http management interface listening on http://127.0.0.1:9990/management
2017-01-19 14:28:04,010 INFO  [org.jboss.as] (Controller Boot Thread) WFLYSRV0051: Admin console listening on http://127.0.0.1:9990
2017-01-19 14:28:04,010 INFO  [org.jboss.as] (Controller Boot Thread) WFLYSRV0025: WildFly Full 10.1.0.Final (WildFly Core 2.2.0.Final) started in 5202ms - Started 331 of 577 services (393 services are lazy, passive or on-demand)
2017-01-19 14:28:05,175 INFO  [org.jboss.as.repository] (management-handler-thread - 3) WFLYDR0001: Content added at location /home/aboriero/hibernate/orm_last/hibernate-orm/build/wildfly-10.1.0.Final/standalone/data/content/a4/d657445eab70d255cdd6799422a02cd61080df/content
2017-01-19 14:28:05,201 INFO  [org.jboss.as.server.deployment] (MSC service thread 1-4) WFLYSRV0027: Starting deployment of "53e3fc3d-4e09-4ef6-a3b7-80619e730736.war" (runtime-name: "53e3fc3d-4e09-4ef6-a3b7-80619e730736.war")
2017-01-19 14:28:06,211 INFO  [org.jboss.as.jpa] (MSC service thread 1-8) WFLYJPA0002: Read persistence.xml for primary
2017-01-19 14:28:06,383 INFO  [org.jboss.as.jpa] (ServerService Thread Pool -- 63) WFLYJPA0010: Starting Persistence Unit (phase 1 of 2) Service '53e3fc3d-4e09-4ef6-a3b7-80619e730736.war#primary'
2017-01-19 14:28:06,781 INFO  [org.hibernate.jpa.internal.util.LogHelper] (ServerService Thread Pool -- 63) HHH000204: Processing PersistenceUnitInfo [
	name: primary
	...]
2017-01-19 14:28:06,798 INFO  [org.jboss.weld.deployer] (MSC service thread 1-6) WFLYWELD0003: Processing weld deployment 53e3fc3d-4e09-4ef6-a3b7-80619e730736.war
2017-01-19 14:28:06,901 INFO  [org.hibernate.validator.internal.util.Version] (MSC service thread 1-6) HV000001: Hibernate Validator 5.2.4.Final
2017-01-19 14:28:06,911 INFO  [org.hibernate.Version] (ServerService Thread Pool -- 63) HHH000412: Hibernate Core {5.2.7.Final}
2017-01-19 14:28:06,914 INFO  [org.hibernate.cfg.Environment] (ServerService Thread Pool -- 63) HHH000206: hibernate.properties not found
2017-01-19 14:28:06,985 INFO  [org.hibernate.annotations.common.Version] (ServerService Thread Pool -- 63) HCANN000001: Hibernate Commons Annotations {5.0.1.Final}
2017-01-19 14:28:07,243 INFO  [org.jboss.weld.Version] (MSC service thread 1-7) WELD-000900: 2.3.5 (Final)
2017-01-19 14:28:07,654 INFO  [org.jboss.as.jpa] (ServerService Thread Pool -- 63) WFLYJPA0010: Starting Persistence Unit (phase 2 of 2) Service '53e3fc3d-4e09-4ef6-a3b7-80619e730736.war#primary'
2017-01-19 14:28:07,961 INFO  [org.hibernate.dialect.Dialect] (ServerService Thread Pool -- 63) HHH000400: Using dialect: org.hibernate.dialect.H2Dialect
2017-01-19 14:28:07,970 WARN  [org.hibernate.dialect.H2Dialect] (ServerService Thread Pool -- 63) HHH000431: Unable to determine H2 database version, certain features may not work
2017-01-19 14:28:08,037 INFO  [org.hibernate.envers.boot.internal.EnversServiceImpl] (ServerService Thread Pool -- 63) Envers integration enabled? : true
2017-01-19 14:28:09,609 INFO  [org.hibernate.tool.schema.internal.SchemaCreatorImpl] (ServerService Thread Pool -- 63) HHH000476: Executing import script 'org.hibernate.tool.schema.internal.exec.ScriptSourceInputNonExistentImpl@3bccb35d'
2017-01-19 14:28:10,385 INFO  [org.wildfly.extension.undertow] (ServerService Thread Pool -- 9) WFLYUT0021: Registered web context: /53e3fc3d-4e09-4ef6-a3b7-80619e730736
2017-01-19 14:28:10,461 INFO  [org.jboss.as.server] (management-handler-thread - 3) WFLYSRV0010: Deployed "53e3fc3d-4e09-4ef6-a3b7-80619e730736.war" (runtime-name : "53e3fc3d-4e09-4ef6-a3b7-80619e730736.war")
2017-01-19 14:28:11,383 INFO  [org.hibernate.hql.internal.QueryTranslatorFactoryInitiator] (default task-2) HHH000397: Using ASTQueryTranslatorFactory
2017-01-19 14:28:11,533 INFO  [org.wildfly.extension.undertow] (ServerService Thread Pool -- 9) WFLYUT0022: Unregistered web context: /53e3fc3d-4e09-4ef6-a3b7-80619e730736
2017-01-19 14:28:11,567 INFO  [org.jboss.as.jpa] (ServerService Thread Pool -- 29) WFLYJPA0011: Stopping Persistence Unit (phase 2 of 2) Service '53e3fc3d-4e09-4ef6-a3b7-80619e730736.war#primary'
2017-01-19 14:28:11,568 INFO  [org.hibernate.tool.schema.internal.SchemaDropperImpl$DelayedDropActionImpl] (ServerService Thread Pool -- 29) HHH000477: Starting delayed drop of schema as part of SessionFactory shut-down'
2017-01-19 14:28:11,578 INFO  [org.jboss.as.jpa] (ServerService Thread Pool -- 9) WFLYJPA0011: Stopping Persistence Unit (phase 1 of 2) Service '53e3fc3d-4e09-4ef6-a3b7-80619e730736.war#primary'
2017-01-19 14:28:11,599 INFO  [org.jboss.as.server.deployment] (MSC service thread 1-2) WFLYSRV0028: Stopped deployment 53e3fc3d-4e09-4ef6-a3b7-80619e730736.war (runtime-name: 53e3fc3d-4e09-4ef6-a3b7-80619e730736.war) in 73ms
2017-01-19 14:28:11,615 WARN  [org.jboss.as.controller] (management-handler-thread - 4) WFLYCTL0357: Notification of type deployment-undeployed is not described for the resource at the address []
2017-01-19 14:28:11,618 INFO  [org.jboss.as.repository] (management-handler-thread - 4) WFLYDR0002: Content removed from location /home/aboriero/hibernate/orm_last/hibernate-orm/build/wildfly-10.1.0.Final/standalone/data/content/a4/d657445eab70d255cdd6799422a02cd61080df/content
2017-01-19 14:28:11,619 INFO  [org.jboss.as.server] (management-handler-thread - 4) WFLYSRV0009: Undeployed "53e3fc3d-4e09-4ef6-a3b7-80619e730736.war" (runtime-name: "53e3fc3d-4e09-4ef6-a3b7-80619e730736.war")
2017-01-19 14:28:12,507 INFO  [org.jboss.as.repository] (management-handler-thread - 1) WFLYDR0001: Content added at location /home/aboriero/hibernate/orm_last/hibernate-orm/build/wildfly-10.1.0.Final/standalone/data/content/ae/1902729851677ffe2720eb986ee72d9ad86ccf/content
2017-01-19 14:28:12,511 INFO  [org.jboss.as.server.deployment] (MSC service thread 1-5) WFLYSRV0027: Starting deployment of "029bde33-3a2a-4bc0-b20a-40fba0a50f46.war" (runtime-name: "029bde33-3a2a-4bc0-b20a-40fba0a50f46.war")
2017-01-19 14:28:12,874 INFO  [org.jboss.as.jpa] (MSC service thread 1-2) WFLYJPA0002: Read persistence.xml for primary
2017-01-19 14:28:12,896 INFO  [org.jboss.as.jpa] (ServerService Thread Pool -- 29) WFLYJPA0010: Starting Persistence Unit (phase 1 of 2) Service '029bde33-3a2a-4bc0-b20a-40fba0a50f46.war#primary'
2017-01-19 14:28:12,896 INFO  [org.hibernate.jpa.internal.util.LogHelper] (ServerService Thread Pool -- 29) HHH000204: Processing PersistenceUnitInfo [
	name: primary
	...]
2017-01-19 14:28:12,902 INFO  [org.jboss.weld.deployer] (MSC service thread 1-7) WFLYWELD0003: Processing weld deployment 029bde33-3a2a-4bc0-b20a-40fba0a50f46.war
2017-01-19 14:28:12,979 INFO  [org.jboss.as.jpa] (ServerService Thread Pool -- 29) WFLYJPA0010: Starting Persistence Unit (phase 2 of 2) Service '029bde33-3a2a-4bc0-b20a-40fba0a50f46.war#primary'
2017-01-19 14:28:12,981 INFO  [org.hibernate.dialect.Dialect] (ServerService Thread Pool -- 29) HHH000400: Using dialect: org.hibernate.dialect.H2Dialect
2017-01-19 14:28:12,982 WARN  [org.hibernate.dialect.H2Dialect] (ServerService Thread Pool -- 29) HHH000431: Unable to determine H2 database version, certain features may not work
2017-01-19 14:28:12,991 INFO  [org.hibernate.envers.boot.internal.EnversServiceImpl] (ServerService Thread Pool -- 29) Envers integration enabled? : true
2017-01-19 14:28:13,020 INFO  [org.hibernate.tool.schema.internal.SchemaCreatorImpl] (ServerService Thread Pool -- 29) HHH000476: Executing import script 'org.hibernate.tool.schema.internal.exec.ScriptSourceInputNonExistentImpl@3bccb35d'
2017-01-19 14:28:13,312 INFO  [org.wildfly.extension.undertow] (ServerService Thread Pool -- 9) WFLYUT0021: Registered web context: /029bde33-3a2a-4bc0-b20a-40fba0a50f46
2017-01-19 14:28:13,326 INFO  [org.jboss.as.server] (management-handler-thread - 1) WFLYSRV0010: Deployed "029bde33-3a2a-4bc0-b20a-40fba0a50f46.war" (runtime-name : "029bde33-3a2a-4bc0-b20a-40fba0a50f46.war")
2017-01-19 14:28:13,467 INFO  [org.wildfly.extension.undertow] (ServerService Thread Pool -- 9) WFLYUT0022: Unregistered web context: /029bde33-3a2a-4bc0-b20a-40fba0a50f46
2017-01-19 14:28:13,481 INFO  [org.jboss.as.jpa] (ServerService Thread Pool -- 9) WFLYJPA0011: Stopping Persistence Unit (phase 2 of 2) Service '029bde33-3a2a-4bc0-b20a-40fba0a50f46.war#primary'
2017-01-19 14:28:13,481 INFO  [org.hibernate.tool.schema.internal.SchemaDropperImpl$DelayedDropActionImpl] (ServerService Thread Pool -- 9) HHH000477: Starting delayed drop of schema as part of SessionFactory shut-down'
2017-01-19 14:28:13,482 INFO  [org.jboss.as.jpa] (ServerService Thread Pool -- 9) WFLYJPA0011: Stopping Persistence Unit (phase 1 of 2) Service '029bde33-3a2a-4bc0-b20a-40fba0a50f46.war#primary'
2017-01-19 14:28:13,505 INFO  [org.jboss.as.server.deployment] (MSC service thread 1-4) WFLYSRV0028: Stopped deployment 029bde33-3a2a-4bc0-b20a-40fba0a50f46.war (runtime-name: 029bde33-3a2a-4bc0-b20a-40fba0a50f46.war) in 39ms
2017-01-19 14:28:13,518 WARN  [org.jboss.as.controller] (management-handler-thread - 3) WFLYCTL0357: Notification of type deployment-undeployed is not described for the resource at the address []
2017-01-19 14:28:13,520 INFO  [org.jboss.as.repository] (management-handler-thread - 3) WFLYDR0002: Content removed from location /home/aboriero/hibernate/orm_last/hibernate-orm/build/wildfly-10.1.0.Final/standalone/data/content/ae/1902729851677ffe2720eb986ee72d9ad86ccf/content
2017-01-19 14:28:13,520 INFO  [org.jboss.as.server] (management-handler-thread - 3) WFLYSRV0009: Undeployed "029bde33-3a2a-4bc0-b20a-40fba0a50f46.war" (runtime-name: "029bde33-3a2a-4bc0-b20a-40fba0a50f46.war")
2017-01-19 14:28:13,530 INFO  [org.jboss.as.server] (Thread-2) WFLYSRV0220: Server shutdown has been requested via an OS signal
2017-01-19 14:28:13,538 INFO  [org.jboss.as.connector.subsystems.datasources] (MSC service thread 1-5) WFLYJCA0010: Unbound data source [java:jboss/datasources/ExampleDS]
2017-01-19 14:28:13,556 INFO  [org.wildfly.extension.undertow] (MSC service thread 1-2) WFLYUT0008: Undertow HTTPS listener https suspending
2017-01-19 14:28:13,572 INFO  [org.wildfly.extension.undertow] (MSC service thread 1-4) WFLYUT0019: Host default-host stopping
2017-01-19 14:28:13,577 INFO  [org.wildfly.extension.undertow] (MSC service thread 1-2) WFLYUT0007: Undertow HTTPS listener https stopped, was bound to 127.0.0.1:8443
2017-01-19 14:28:13,578 INFO  [org.jboss.as.connector.deployers.jdbc] (MSC service thread 1-1) WFLYJCA0019: Stopped Driver service with driver-name = h2
2017-01-19 14:28:13,609 INFO  [org.wildfly.extension.undertow] (MSC service thread 1-7) WFLYUT0008: Undertow HTTP listener default suspending
2017-01-19 14:28:13,611 INFO  [org.wildfly.extension.undertow] (MSC service thread 1-7) WFLYUT0007: Undertow HTTP listener default stopped, was bound to 127.0.0.1:8080
2017-01-19 14:28:13,612 INFO  [org.wildfly.extension.undertow] (MSC service thread 1-7) WFLYUT0004: Undertow 1.4.0.Final stopping
2017-01-19 14:28:13,625 INFO  [org.jboss.as] (MSC service thread 1-4) WFLYSRV0050: WildFly Full 10.1.0.Final (WildFly Core 2.2.0.Final) stopped in 82ms
